<?xml version="1.0" encoding="UTF-8"?>
<!-- Generated by org.testng.reporters.JUnitReportReporter -->
<testsuite skipped="1" hostname="LAPTOP-9FILEO4J" name="SignInTest" tests="2" failures="0" timestamp="16 Dec 2017 16:55:14 GMT" time="50.535" errors="0">
  <testcase name="testSignIn" time="50.535" classname="SignInTest"/>
  <testcase name="testSearch" classname="SignInTest">
    <skipped/>
  </testcase> <!-- testSearch -->
</testsuite> <!-- SignInTest -->
