<?xml version="1.0" encoding="UTF-8"?>
<!-- Generated by org.testng.reporters.JUnitReportReporter -->
<testsuite skipped="0" hostname="LAPTOP-9FILEO4J" name="SearchTest" tests="3" failures="0" timestamp="16 Dec 2017 16:55:14 GMT" time="107.986" errors="0">
  <testcase name="testSearch3" time="39.980" classname="SearchTest"/>
  <testcase name="testSearch" time="33.926" classname="SearchTest"/>
  <testcase name="testSearch2" time="34.080" classname="SearchTest"/>
</testsuite> <!-- SearchTest -->
